{"/Users/fahri/project/url-shortener/src/app.controller.ts": {"path":"/Users/fahri/project/url-shortener/src/app.controller.ts","statementMap":{"0":{"start":{"line":1,"column":0},"end":{"line":1,"column":49}},"1":{"start":{"line":2,"column":0},"end":{"line":2,"column":43}},"2":{"start":{"line":5,"column":7},"end":{"line":12,"column":null}},"3":{"start":{"line":6,"column":31},"end":{"line":6,"column":43}},"4":{"start":{"line":10,"column":4},"end":{"line":10,"column":38}},"5":{"start":{"line":8,"column":2},"end":{"line":11,"column":null}},"6":{"start":{"line":5,"column":13},"end":{"line":12,"column":null}},"7":{"start":{"line":5,"column":13},"end":{"line":5,"column":26}}},"fnMap":{"0":{"name":"(anonymous_2)","decl":{"start":{"line":6,"column":2},"end":{"line":6,"column":31}},"loc":{"start":{"line":6,"column":53},"end":{"line":6,"column":57}}},"1":{"name":"(anonymous_3)","decl":{"start":{"line":9,"column":2},"end":{"line":9,"column":10}},"loc":{"start":{"line":9,"column":10},"end":{"line":11,"column":3}}}},"branchMap":{},"s":{"0":1,"1":1,"2":1,"3":1,"4":1,"5":1,"6":1,"7":1},"f":{"0":1,"1":1},"b":{}}
,"/Users/fahri/project/url-shortener/src/app.module.ts": {"path":"/Users/fahri/project/url-shortener/src/app.module.ts","statementMap":{"0":{"start":{"line":1,"column":0},"end":{"line":1,"column":40}},"1":{"start":{"line":2,"column":0},"end":{"line":2,"column":49}},"2":{"start":{"line":3,"column":0},"end":{"line":3,"column":43}},"3":{"start":{"line":4,"column":0},"end":{"line":4,"column":45}},"4":{"start":{"line":5,"column":0},"end":{"line":5,"column":48}},"5":{"start":{"line":6,"column":0},"end":{"line":6,"column":39}},"6":{"start":{"line":21,"column":7},"end":{"line":21,"column":null}},"7":{"start":{"line":21,"column":13},"end":{"line":21,"column":null}},"8":{"start":{"line":21,"column":13},"end":{"line":21,"column":22}}},"fnMap":{},"branchMap":{},"s":{"0":0,"1":0,"2":0,"3":0,"4":0,"5":0,"6":0,"7":0,"8":0},"f":{},"b":{}}
,"/Users/fahri/project/url-shortener/src/app.service.ts": {"path":"/Users/fahri/project/url-shortener/src/app.service.ts","statementMap":{"0":{"start":{"line":1,"column":0},"end":{"line":1,"column":44}},"1":{"start":{"line":4,"column":7},"end":{"line":8,"column":null}},"2":{"start":{"line":6,"column":4},"end":{"line":6,"column":26}},"3":{"start":{"line":4,"column":13},"end":{"line":8,"column":null}},"4":{"start":{"line":4,"column":13},"end":{"line":4,"column":23}}},"fnMap":{"0":{"name":"(anonymous_1)","decl":{"start":{"line":5,"column":2},"end":{"line":5,"column":10}},"loc":{"start":{"line":5,"column":10},"end":{"line":7,"column":3}}}},"branchMap":{},"s":{"0":1,"1":1,"2":1,"3":1,"4":1},"f":{"0":1},"b":{}}
,"/Users/fahri/project/url-shortener/src/main.ts": {"path":"/Users/fahri/project/url-shortener/src/main.ts","statementMap":{"0":{"start":{"line":1,"column":0},"end":{"line":1,"column":43}},"1":{"start":{"line":2,"column":0},"end":{"line":2,"column":41}},"2":{"start":{"line":3,"column":0},"end":{"line":3,"column":48}},"3":{"start":{"line":7,"column":14},"end":{"line":7,"column":49}},"4":{"start":{"line":8,"column":2},"end":{"line":8,"column":62}},"5":{"start":{"line":9,"column":2},"end":{"line":9,"column":25}},"6":{"start":{"line":11,"column":0},"end":{"line":11,"column":12}}},"fnMap":{"0":{"name":"bootstrap","decl":{"start":{"line":6,"column":15},"end":{"line":6,"column":24}},"loc":{"start":{"line":6,"column":24},"end":{"line":10,"column":1}}}},"branchMap":{},"s":{"0":0,"1":0,"2":0,"3":0,"4":0,"5":0,"6":0},"f":{"0":0},"b":{}}
,"/Users/fahri/project/url-shortener/src/url/url.controller.ts": {"path":"/Users/fahri/project/url-shortener/src/url/url.controller.ts","statementMap":{"0":{"start":{"line":1,"column":0},"end":{"line":1,"column":74}},"1":{"start":{"line":2,"column":0},"end":{"line":2,"column":43}},"2":{"start":{"line":3,"column":0},"end":{"line":3,"column":47}},"3":{"start":{"line":6,"column":7},"end":{"line":39,"column":null}},"4":{"start":{"line":7,"column":24},"end":{"line":7,"column":33}},"5":{"start":{"line":14,"column":8},"end":{"line":14,"column":44}},"6":{"start":{"line":23,"column":20},"end":{"line":23,"column":53}},"7":{"start":{"line":25,"column":8},"end":{"line":25,"column":41}},"8":{"start":{"line":33,"column":20},"end":{"line":33,"column":62}},"9":{"start":{"line":34,"column":8},"end":{"line":37,"column":10}},"10":{"start":{"line":9,"column":4},"end":{"line":15,"column":null}},"11":{"start":{"line":18,"column":10},"end":{"line":26,"column":null}},"12":{"start":{"line":29,"column":10},"end":{"line":38,"column":null}},"13":{"start":{"line":6,"column":13},"end":{"line":39,"column":null}},"14":{"start":{"line":6,"column":13},"end":{"line":6,"column":26}}},"fnMap":{"0":{"name":"(anonymous_4)","decl":{"start":{"line":7,"column":4},"end":{"line":7,"column":24}},"loc":{"start":{"line":7,"column":43},"end":{"line":7,"column":47}}},"1":{"name":"(anonymous_5)","decl":{"start":{"line":10,"column":4},"end":{"line":10,"column":14}},"loc":{"start":{"line":12,"column":30},"end":{"line":15,"column":5}}},"2":{"name":"(anonymous_6)","decl":{"start":{"line":18,"column":4},"end":{"line":18,"column":9}},"loc":{"start":{"line":21,"column":24},"end":{"line":26,"column":5}}},"3":{"name":"(anonymous_7)","decl":{"start":{"line":29,"column":4},"end":{"line":29,"column":9}},"loc":{"start":{"line":31,"column":24},"end":{"line":38,"column":5}}}},"branchMap":{},"s":{"0":0,"1":0,"2":0,"3":0,"4":0,"5":0,"6":0,"7":0,"8":0,"9":0,"10":0,"11":0,"12":0,"13":0,"14":0},"f":{"0":0,"1":0,"2":0,"3":0},"b":{}}
,"/Users/fahri/project/url-shortener/src/url/url.entity.ts": {"path":"/Users/fahri/project/url-shortener/src/url/url.entity.ts","statementMap":{"0":{"start":{"line":1,"column":0},"end":{"line":1,"column":65}},"1":{"start":{"line":4,"column":7},"end":{"line":22,"column":null}},"2":{"start":{"line":5,"column":4},"end":{"line":6,"column":null}},"3":{"start":{"line":8,"column":4},"end":{"line":9,"column":null}},"4":{"start":{"line":11,"column":4},"end":{"line":12,"column":null}},"5":{"start":{"line":14,"column":4},"end":{"line":15,"column":null}},"6":{"start":{"line":17,"column":4},"end":{"line":18,"column":null}},"7":{"start":{"line":20,"column":4},"end":{"line":21,"column":null}},"8":{"start":{"line":20,"column":29},"end":{"line":20,"column":48}},"9":{"start":{"line":4,"column":13},"end":{"line":22,"column":null}},"10":{"start":{"line":4,"column":13},"end":{"line":4,"column":16}}},"fnMap":{"0":{"name":"(anonymous_2)","decl":{"start":{"line":20,"column":23},"end":{"line":20,"column":26}},"loc":{"start":{"line":20,"column":29},"end":{"line":20,"column":48}}}},"branchMap":{},"s":{"0":1,"1":1,"2":1,"3":1,"4":1,"5":1,"6":1,"7":1,"8":0,"9":1,"10":1},"f":{"0":0},"b":{}}
,"/Users/fahri/project/url-shortener/src/url/url.module.ts": {"path":"/Users/fahri/project/url-shortener/src/url/url.module.ts","statementMap":{"0":{"start":{"line":1,"column":0},"end":{"line":1,"column":40}},"1":{"start":{"line":2,"column":0},"end":{"line":2,"column":43}},"2":{"start":{"line":3,"column":0},"end":{"line":3,"column":49}},"3":{"start":{"line":4,"column":0},"end":{"line":4,"column":48}},"4":{"start":{"line":5,"column":0},"end":{"line":5,"column":35}},"5":{"start":{"line":12,"column":7},"end":{"line":12,"column":null}},"6":{"start":{"line":12,"column":13},"end":{"line":12,"column":null}},"7":{"start":{"line":12,"column":13},"end":{"line":12,"column":22}}},"fnMap":{},"branchMap":{},"s":{"0":0,"1":0,"2":0,"3":0,"4":0,"5":0,"6":0,"7":0},"f":{},"b":{}}
,"/Users/fahri/project/url-shortener/src/url/url.service.ts": {"path":"/Users/fahri/project/url-shortener/src/url/url.service.ts","statementMap":{"0":{"start":{"line":1,"column":0},"end":{"line":1,"column":114}},"1":{"start":{"line":2,"column":0},"end":{"line":2,"column":37}},"2":{"start":{"line":3,"column":0},"end":{"line":3,"column":51}},"3":{"start":{"line":4,"column":0},"end":{"line":4,"column":35}},"4":{"start":{"line":6,"column":0},"end":{"line":6,"column":32}},"5":{"start":{"line":7,"column":0},"end":{"line":7,"column":40}},"6":{"start":{"line":10,"column":7},"end":{"line":63,"column":null}},"7":{"start":{"line":13,"column":16},"end":{"line":13,"column":22}},"8":{"start":{"line":17,"column":28},"end":{"line":17,"column":31}},"9":{"start":{"line":18,"column":8},"end":{"line":20,"column":null}},"10":{"start":{"line":19,"column":12},"end":{"line":19,"column":60}},"11":{"start":{"line":22,"column":24},"end":{"line":22,"column":33}},"12":{"start":{"line":23,"column":24},"end":{"line":23,"column":47}},"13":{"start":{"line":25,"column":8},"end":{"line":43,"column":null}},"14":{"start":{"line":26,"column":22},"end":{"line":26,"column":60}},"15":{"start":{"line":27,"column":12},"end":{"line":27,"column":41}},"16":{"start":{"line":27,"column":21},"end":{"line":27,"column":41}},"17":{"start":{"line":28,"column":29},"end":{"line":28,"column":52}},"18":{"start":{"line":29,"column":30},"end":{"line":29,"column":40}},"19":{"start":{"line":31,"column":12},"end":{"line":36,"column":15}},"20":{"start":{"line":38,"column":12},"end":{"line":38,"column":32}},"21":{"start":{"line":39,"column":12},"end":{"line":39,"column":32}},"22":{"start":{"line":41,"column":12},"end":{"line":41,"column":31}},"23":{"start":{"line":42,"column":12},"end":{"line":42,"column":60}},"24":{"start":{"line":47,"column":8},"end":{"line":47,"column":55}},"25":{"start":{"line":52,"column":8},"end":{"line":60,"column":null}},"26":{"start":{"line":53,"column":24},"end":{"line":53,"column":62}},"27":{"start":{"line":54,"column":12},"end":{"line":54,"column":32}},"28":{"start":{"line":55,"column":12},"end":{"line":55,"column":54}},"29":{"start":{"line":56,"column":12},"end":{"line":56,"column":32}},"30":{"start":{"line":56,"column":21},"end":{"line":56,"column":32}},"31":{"start":{"line":58,"column":12},"end":{"line":58,"column":31}},"32":{"start":{"line":59,"column":12},"end":{"line":59,"column":59}},"33":{"start":{"line":10,"column":13},"end":{"line":63,"column":null}},"34":{"start":{"line":10,"column":13},"end":{"line":10,"column":23}}},"fnMap":{"0":{"name":"(anonymous_4)","decl":{"start":{"line":11,"column":4},"end":{"line":11,"column":null}},"loc":{"start":{"line":13,"column":37},"end":{"line":14,"column":8}}},"1":{"name":"(anonymous_5)","decl":{"start":{"line":16,"column":4},"end":{"line":16,"column":9}},"loc":{"start":{"line":16,"column":39},"end":{"line":44,"column":5}}},"2":{"name":"(anonymous_6)","decl":{"start":{"line":46,"column":4},"end":{"line":46,"column":9}},"loc":{"start":{"line":46,"column":43},"end":{"line":48,"column":5}}},"3":{"name":"(anonymous_7)","decl":{"start":{"line":51,"column":4},"end":{"line":51,"column":9}},"loc":{"start":{"line":51,"column":34},"end":{"line":61,"column":5}}}},"branchMap":{"0":{"loc":{"start":{"line":18,"column":8},"end":{"line":20,"column":null}},"type":"if","locations":[{"start":{"line":18,"column":8},"end":{"line":20,"column":null}}]},"1":{"loc":{"start":{"line":27,"column":12},"end":{"line":27,"column":41}},"type":"if","locations":[{"start":{"line":27,"column":12},"end":{"line":27,"column":41}}]},"2":{"loc":{"start":{"line":56,"column":12},"end":{"line":56,"column":32}},"type":"if","locations":[{"start":{"line":56,"column":12},"end":{"line":56,"column":32}}]}},"s":{"0":1,"1":1,"2":1,"3":1,"4":1,"5":1,"6":1,"7":2,"8":2,"9":2,"10":0,"11":2,"12":2,"13":2,"14":2,"15":0,"16":0,"17":0,"18":0,"19":0,"20":0,"21":0,"22":2,"23":2,"24":0,"25":0,"26":0,"27":0,"28":0,"29":0,"30":0,"31":0,"32":0,"33":1,"34":1},"f":{"0":2,"1":2,"2":0,"3":0},"b":{"0":[0],"1":[0],"2":[0]}}
,"/Users/fahri/project/url-shortener/src/url/dtos/url.dto.ts": {"path":"/Users/fahri/project/url-shortener/src/url/dtos/url.dto.ts","statementMap":{"0":{"start":{"line":1,"column":0},"end":{"line":1,"column":55}},"1":{"start":{"line":4,"column":4},"end":{"line":6,"column":null}},"2":{"start":{"line":3,"column":0},"end":{"line":3,"column":13}}},"fnMap":{},"branchMap":{},"s":{"0":1,"1":1,"2":1},"f":{},"b":{}}
}
